<?xml version="1.0" encoding="UTF-8"?>
<testng-results ignored="0" total="1" passed="1" failed="0" skipped="0">
  <reporter-output>
  </reporter-output>
  <suite started-at="2021-06-15T03:04:29Z" name="Default suite" finished-at="2021-06-15T03:04:32Z" duration-ms="3674">
    <groups>
    </groups>
    <test started-at="2021-06-15T03:04:29Z" name="Default test" finished-at="2021-06-15T03:04:32Z" duration-ms="3674">
      <class name="Selenium.Project1.Leafground_Download">
        <test-method signature="downloadd()[pri:0, instance:Selenium.Project1.Leafground_Download@74e28667]" started-at="2021-06-15T03:04:29Z" name="downloadd" finished-at="2021-06-15T03:04:32Z" duration-ms="3646" status="PASS">
          <reporter-output>
          </reporter-output>
        </test-method> <!-- downloadd -->
      </class> <!-- Selenium.Project1.Leafground_Download -->
    </test> <!-- Default test -->
  </suite> <!-- Default suite -->
</testng-results>
